localhost  /home 
localhost  /home11 
localhost  /home11 
localhost  /home 
localhost  /home 
localhost  /home 
localhost  /home 
localhost  /home 
localhost  /favicon.ico 
localhost  /home 
localhost  /favicon.ico 
localhost  /home 
localhost  /favicon.ico 
localhost  /home 
localhost  /favicon.ico 
localhost  /home 
localhost  /home 
localhost  /home 
localhost  /home 
localhost  /home11 
localhost  /home 
localhost  /home 
localhost  /home 
localhost  /home 
localhost  /home 
localhost  /home 
localhost  /home 
localhost  /home?query=001223 
localhost  /home?query=001223 
localhost  /home?query=001223 
localhost  /home?query=001223 
localhost  /home?query=001223 
localhost  /home?query=001223 
localhost  /home?password=001223 
localhost  /home?password=001223 
localhost  /home?password=001223 
localhost  /home?password=001223l 
